[13:32:21.407] [INFO] storybook v10.2.10
[13:32:22.675] [DEBUG] Getting package.json info for /Users/geraldoluiz/Development/fullstack/nexo/apps/nexo-fe/package.json...
[13:32:22.682] [WARN] Could not resolve addon "@storybook/addon-essentials", skipping. Is it installed?
[13:32:22.684] [WARN] Could not resolve addon "@storybook/experimental-addon-test", skipping. Is it installed?
[13:32:22.685] [ERROR] [38;2;241;97;97mSB_CORE-SERVER_0002 (CriticalPresetLoadError): Storybook failed to load the following preset: @storybook/nextjs/preset.

Please check whether your setup is correct, the Storybook dependencies (and their peer dependencies) are installed correctly and there are no package version clashes.

If you believe this is a bug, please open an issue on Github.

Error [ERR_MODULE_NOT_FOUND]: Cannot find package '@storybook/nextjs' imported from ./node_modules/storybook/dist/_node-chunks/chunk-MMBEKDML.js
    at Object.getPackageJSONURL (node:internal/modules/package_json_reader:316:9)
    at packageResolve (node:internal/modules/esm/resolve:768:81)
    at moduleResolve (node:internal/modules/esm/resolve:858:18)
    at defaultResolve (node:internal/modules/esm/resolve:990:11)
    at nextResolve (node:internal/modules/esm/hooks:785:28)
    at AsyncLoaderHooksOnLoaderHookWorker.resolve (node:internal/modules/esm/hooks:269:30)
    at MessagePort.handleMessage (node:internal/modules/esm/worker:251:24)
    at [nodejs.internal.kHybridDispatch] (node:internal/event_target:845:20)
    at MessagePort.<anonymous> (node:internal/per_context/messageport:23:28)

More info: 
[39m
    at loadPreset (file://./node_modules/storybook/dist/_node-chunks/chunk-URMZXQZT.js:10081:13)
    at async Promise.all (index 0)
    at async loadPresets (file://./node_modules/storybook/dist/_node-chunks/chunk-URMZXQZT.js:10090:73)
    at async getPresets (file://./node_modules/storybook/dist/_node-chunks/chunk-URMZXQZT.js:10121:23)
    at async buildDevStandalone (file://./node_modules/storybook/dist/core-server/index.js:7566:17)
    at async withTelemetry (file://./node_modules/storybook/dist/_node-chunks/chunk-S3MWHNYJ.js:218:12)
    at async dev (file://./node_modules/storybook/dist/bin/core.js:2734:3)
    at async _Command.<anonymous> (file://./node_modules/storybook/dist/bin/core.js:2803:92)
[13:32:22.687] [WARN] Broken build, fix the error above.
You may need to refresh the browser.
[13:32:22.688] [WARN] Could not resolve addon "@storybook/addon-essentials", skipping. Is it installed?
[13:32:22.688] [WARN] Could not resolve addon "@storybook/experimental-addon-test", skipping. Is it installed?
[13:32:28.795] [PROMPT] Would you like to send anonymous crash reports to improve Storybook and fix bugs faster? {"choice":true}
[13:32:28.798] [INFO] Storybook collects completely anonymous usage telemetry. We use it to shape Storybook's roadmap and prioritize features. You can learn more, including how to opt out, at https://storybook.js.org/telemetry